pitch data loaded
Removed Null/NaN labeled pitch types rows, filtered 33043 of 2906621 rows at 0.011368%
Removed rows w/ unwanted pitch types, filtered 5700 of 2873578 rows at 0.001984%
dropped cols
added run diff
added crunch time
Current number of dataframe Null/NaN values: 4550085
Current number of dataframe Null/NaN values: 0
Encoding pitch dataframe of shape (2867878, 53)...
Pitch dataframe encoding complete. New shape: (2867878, 83)
Shape of ALL training data set is (2125821, 83)
Shape of ALL test data set is (742057, 83)
Verlander pitch data rows: train=10613, test=3256.
Scherzer pitch data rows: train=10105, test=2657.
Porcello pitch data rows: train=9762, test=2960.

Model Report
Accuracy (Train) : 0.6968811834542542
Accuracy (Test) : 0.5276412776412777
Verlander model model metrics for predicting 2019 season data...
Y_test unique values=[ 1  3  4  6 14]
Y_pred unique values=[ 1  4  6 14]
Confusion Matrix :
[[[ 358 1271]
  [ 126 1501]]

 [[3255    0]
  [   1    0]]

 [[2209  116]
  [ 785  146]]

 [[3120    0]
  [ 135    1]]

 [[2544  151]
  [ 491   70]]]
Accuracy Score : 0.5276412776412777
Report : 
              precision    recall  f1-score   support

           1       0.54      0.92      0.68      1627
           3       0.00      0.00      0.00         1
           4       0.56      0.16      0.24       931
           6       1.00      0.01      0.01       136
          14       0.32      0.12      0.18       561

    accuracy                           0.53      3256
   macro avg       0.48      0.24      0.22      3256
weighted avg       0.53      0.53      0.44      3256



Model Report
Accuracy (Train) : 0.6938149430974765
Accuracy (Test) : 0.48475724501317274
Scherzer model model metrics for predicting 2019 season data...
Y_test unique values=[ 1  3  4  6 14]
Y_pred unique values=[ 1  3  4  6 14]
Confusion Matrix :
[[[ 470  896]
  [ 305  986]]

 [[2459    3]
  [ 193    2]]

 [[1780  327]
  [ 309  241]]

 [[2147  118]
  [ 343   49]]

 [[2403   25]
  [ 219   10]]]
Accuracy Score : 0.48475724501317274
Report : 
              precision    recall  f1-score   support

           1       0.52      0.76      0.62      1291
           3       0.40      0.01      0.02       195
           4       0.42      0.44      0.43       550
           6       0.29      0.12      0.18       392
          14       0.29      0.04      0.08       229

    accuracy                           0.48      2657
   macro avg       0.39      0.28      0.26      2657
weighted avg       0.44      0.48      0.43      2657



Model Report
Accuracy (Train) : 0.7150174144642492
Accuracy (Test) : 0.3820945945945946
Porcello model model metrics for predicting 2019 season data...
Y_test unique values=[ 1  2  4  6 14]
Y_pred unique values=[ 1  2  4  6 14]
Confusion Matrix :
[[[1498  531]
  [ 485  446]]

 [[1469  734]
  [ 284  473]]

 [[2092  317]
  [ 429  122]]

 [[2519   92]
  [ 299   50]]

 [[2433  155]
  [ 332   40]]]
Accuracy Score : 0.3820945945945946
Report : 
              precision    recall  f1-score   support

           1       0.46      0.48      0.47       931
           2       0.39      0.62      0.48       757
           4       0.28      0.22      0.25       551
           6       0.35      0.14      0.20       349
          14       0.21      0.11      0.14       372

    accuracy                           0.38      2960
   macro avg       0.34      0.32      0.31      2960
weighted avg       0.36      0.38      0.36      2960


